[2025-09-28 09:55:36] [INFO] PUT payload | {"house_code":"MPK-O-150","address":"Lubombo2","station_id":8,"tenant_id":496,"has_water":1,"has_sewage":1,"has_electricity":1,"id":1500}
[2025-09-28 09:55:36] [DEBUG] PUT pre-assignment rows | {"tenant":{"id":496,"house_id":1500,"name":"Nhlonipho_Dlamini","is_company":0,"is_government":0,"phone":null,"email":null,"start_date":null,"end_date":null,"active":1,"created_at":"2025-09-25 04:58:22"},"house":{"id":1500,"station_id":8,"house_code":"MPK-O-150","address":"Lubombo2","has_water":1,"has_sewage":1,"has_electricity":1,"created_at":"2025-09-24 19:24:15"},"payload":{"house_code":"MPK-O-150","address":"Lubombo2","station_id":8,"tenant_id":496,"has_water":1,"has_sewage":1,"has_electricity":1,"id":1500}}
[2025-09-28 09:55:36] [INFO] PUT assignment skipped; tenant already assigned to house | {"tenant_id":496,"house_id":1500}
[2025-09-28 09:55:52] [INFO] PUT payload | {"house_code":"MPK-O-39","address":"Region: , TCode: Steffanut_Stock","station_id":8,"tenant_id":492,"has_water":0,"has_sewage":0,"has_electricity":0,"id":1496}
[2025-09-28 09:55:52] [DEBUG] PUT pre-assignment rows | {"tenant":{"id":492,"house_id":1496,"name":"Steffanut_Stock","is_company":0,"is_government":0,"phone":null,"email":null,"start_date":null,"end_date":null,"active":1,"created_at":"2025-09-25 04:58:22"},"house":{"id":1496,"station_id":8,"house_code":"MPK-O-39","address":"Region: , TCode: Steffanut_Stock","has_water":0,"has_sewage":0,"has_electricity":0,"created_at":"2025-09-24 19:24:15"},"payload":{"house_code":"MPK-O-39","address":"Region: , TCode: Steffanut_Stock","station_id":8,"tenant_id":492,"has_water":0,"has_sewage":0,"has_electricity":0,"id":1496}}
[2025-09-28 09:55:52] [INFO] PUT assignment skipped; tenant already assigned to house | {"tenant_id":492,"house_id":1496}
[2025-09-28 09:55:59] [INFO] PUT payload | {"house_code":"MPK-O-150","address":"Lubombo2","station_id":8,"tenant_id":496,"has_water":0,"has_sewage":0,"has_electricity":0,"id":1500}
[2025-09-28 09:55:59] [DEBUG] PUT pre-assignment rows | {"tenant":{"id":496,"house_id":1500,"name":"Nhlonipho_Dlamini","is_company":0,"is_government":0,"phone":null,"email":null,"start_date":null,"end_date":null,"active":1,"created_at":"2025-09-25 04:58:22"},"house":{"id":1500,"station_id":8,"house_code":"MPK-O-150","address":"Lubombo2","has_water":0,"has_sewage":0,"has_electricity":0,"created_at":"2025-09-24 19:24:15"},"payload":{"house_code":"MPK-O-150","address":"Lubombo2","station_id":8,"tenant_id":496,"has_water":0,"has_sewage":0,"has_electricity":0,"id":1500}}
[2025-09-28 09:55:59] [INFO] PUT assignment skipped; tenant already assigned to house | {"tenant_id":496,"house_id":1500}
[2025-09-28 09:56:04] [INFO] PUT payload | {"house_code":"MPK-O-150","address":"Lubombo2","station_id":8,"tenant_id":496,"has_water":1,"has_sewage":1,"has_electricity":1,"id":1500}
[2025-09-28 09:56:04] [DEBUG] PUT pre-assignment rows | {"tenant":{"id":496,"house_id":1500,"name":"Nhlonipho_Dlamini","is_company":0,"is_government":0,"phone":null,"email":null,"start_date":null,"end_date":null,"active":1,"created_at":"2025-09-25 04:58:22"},"house":{"id":1500,"station_id":8,"house_code":"MPK-O-150","address":"Lubombo2","has_water":1,"has_sewage":1,"has_electricity":1,"created_at":"2025-09-24 19:24:15"},"payload":{"house_code":"MPK-O-150","address":"Lubombo2","station_id":8,"tenant_id":496,"has_water":1,"has_sewage":1,"has_electricity":1,"id":1500}}
[2025-09-28 09:56:04] [INFO] PUT assignment skipped; tenant already assigned to house | {"tenant_id":496,"house_id":1500}
[2025-09-28 09:56:08] [INFO] PUT payload | {"house_code":"MPK-O-32","address":"Lubombo","station_id":8,"tenant_id":495,"has_water":1,"has_sewage":1,"has_electricity":0,"id":1499}
[2025-09-28 09:56:08] [DEBUG] PUT pre-assignment rows | {"tenant":{"id":495,"house_id":1499,"name":"Washington_Dlamini","is_company":0,"is_government":0,"phone":null,"email":null,"start_date":null,"end_date":null,"active":1,"created_at":"2025-09-25 04:58:22"},"house":{"id":1499,"station_id":8,"house_code":"MPK-O-32","address":"Lubombo","has_water":1,"has_sewage":1,"has_electricity":0,"created_at":"2025-09-24 19:24:15"},"payload":{"house_code":"MPK-O-32","address":"Lubombo","station_id":8,"tenant_id":495,"has_water":1,"has_sewage":1,"has_electricity":0,"id":1499}}
[2025-09-28 09:56:08] [INFO] PUT assignment skipped; tenant already assigned to house | {"tenant_id":495,"house_id":1499}
[2025-09-28 09:56:23] [INFO] PUT payload | {"house_code":"MPK-O-39","address":"Region: , TCode: Steffanut_Stock","station_id":8,"tenant_id":492,"has_water":1,"has_sewage":1,"has_electricity":1,"id":1496}
[2025-09-28 09:56:23] [DEBUG] PUT pre-assignment rows | {"tenant":{"id":492,"house_id":1496,"name":"Steffanut_Stock","is_company":0,"is_government":0,"phone":null,"email":null,"start_date":null,"end_date":null,"active":1,"created_at":"2025-09-25 04:58:22"},"house":{"id":1496,"station_id":8,"house_code":"MPK-O-39","address":"Region: , TCode: Steffanut_Stock","has_water":1,"has_sewage":1,"has_electricity":1,"created_at":"2025-09-24 19:24:15"},"payload":{"house_code":"MPK-O-39","address":"Region: , TCode: Steffanut_Stock","station_id":8,"tenant_id":492,"has_water":1,"has_sewage":1,"has_electricity":1,"id":1496}}
[2025-09-28 09:56:23] [INFO] PUT assignment skipped; tenant already assigned to house | {"tenant_id":492,"house_id":1496}
[2025-09-28 09:56:41] [INFO] PUT payload | {"house_code":"MPK-O-150","address":"Lubombo2","station_id":8,"tenant_id":496,"has_water":1,"has_sewage":1,"has_electricity":0,"id":1500}
[2025-09-28 09:56:41] [DEBUG] PUT pre-assignment rows | {"tenant":{"id":496,"house_id":1500,"name":"Nhlonipho_Dlamini","is_company":0,"is_government":0,"phone":null,"email":null,"start_date":null,"end_date":null,"active":1,"created_at":"2025-09-25 04:58:22"},"house":{"id":1500,"station_id":8,"house_code":"MPK-O-150","address":"Lubombo2","has_water":1,"has_sewage":1,"has_electricity":0,"created_at":"2025-09-24 19:24:15"},"payload":{"house_code":"MPK-O-150","address":"Lubombo2","station_id":8,"tenant_id":496,"has_water":1,"has_sewage":1,"has_electricity":0,"id":1500}}
[2025-09-28 09:56:41] [INFO] PUT assignment skipped; tenant already assigned to house | {"tenant_id":496,"house_id":1500}
